[18/08/2010 13:09:28] /clean
[18/08/2010 13:09:29] /save
[18/08/2010 13:31:20] /save
[18/08/2010 14:05:30] /clean
[18/08/2010 14:05:46] /goto oldra~
[18/08/2010 14:05:48] /goto oldrak
[18/08/2010 14:06:14] /a 4
[18/08/2010 14:06:14] /a 4
[18/08/2010 14:06:18] /a 4
[18/08/2010 14:06:35] /up
[18/08/2010 14:06:38] /up
[18/08/2010 14:06:45] /a 10
[18/08/2010 14:06:46] /a 10
[18/08/2010 14:06:47] /up
[18/08/2010 14:06:48] /up
[18/08/2010 14:06:49] /a 10
[18/08/2010 14:06:50] /a 10
[18/08/2010 14:06:54] /a 10
[18/08/2010 14:07:01] /a 10
[18/08/2010 14:07:01] /a 10
[18/08/2010 14:07:02] /a 10
[18/08/2010 14:07:02] /a 10
[18/08/2010 14:07:16] /a 10
[18/08/2010 14:07:27] /a 10
[18/08/2010 14:09:34] /a 10
[18/08/2010 14:09:34] /a 10
[18/08/2010 14:09:34] /a 10
[18/08/2010 14:09:35] /a 10
[18/08/2010 14:09:35] /a 10
[18/08/2010 14:09:36] /a 10
[18/08/2010 14:09:37] /a 10
[18/08/2010 14:09:37] /a 10
[18/08/2010 14:09:38] /a 10
[18/08/2010 14:09:38] /a 10
[18/08/2010 14:09:39] /a 10
[18/08/2010 14:09:39] /a 10
[18/08/2010 14:09:40] /a 10
[18/08/2010 14:09:41] /a 10
[18/08/2010 14:09:42] /up
[18/08/2010 14:09:44] /a 10
[18/08/2010 14:09:46] /a 10
[18/08/2010 14:09:50] /a 10
[18/08/2010 14:09:53] /down
[18/08/2010 14:10:18] /a 10
[18/08/2010 14:10:21] /a 3
[18/08/2010 14:10:23] /up
